<?xml version="1.0" encoding="UTF-8"?>
<!-- Generated by org.testng.reporters.JUnitReportReporter -->
<testsuite hostname="DESKTOP-RFD9FN2" failures="0" tests="1" name="testCases.AccountRegisterTest" time="12.143" errors="0" timestamp="2024-11-21T14:17:17 IST" skipped="0">
  <testcase classname="testCases.AccountRegisterTest" name="verify_account_registration" time="12.143"/>
</testsuite> <!-- testCases.AccountRegisterTest -->
